[2019-01-23 21:56:09.315] [exthost] [info] extension host started
[2019-01-23 21:56:09.338] [exthost] [info] ExtensionService#_doActivateExtension vscode.debug-auto-launch {"startup":true,"activationEvent":"*"}
[2019-01-23 21:56:09.338] [exthost] [info] ExtensionService#loadCommonJSModule /usr/share/code/resources/app/extensions/debug-auto-launch/dist/extension
[2019-01-23 21:56:09.344] [exthost] [info] ExtensionService#_doActivateExtension vscode.emmet {"startup":true,"activationEvent":"*"}
[2019-01-23 21:56:09.344] [exthost] [info] ExtensionService#loadCommonJSModule /usr/share/code/resources/app/extensions/emmet/dist/extension
[2019-01-23 21:56:09.360] [exthost] [info] ExtensionService#_doActivateExtension vscode.git {"startup":true,"activationEvent":"*"}
[2019-01-23 21:56:09.360] [exthost] [info] ExtensionService#loadCommonJSModule /usr/share/code/resources/app/extensions/git/dist/main
[2019-01-23 21:56:09.448] [exthost] [info] ExtensionService#_doActivateExtension vscode.merge-conflict {"startup":true,"activationEvent":"*"}
[2019-01-23 21:56:09.448] [exthost] [info] ExtensionService#loadCommonJSModule /usr/share/code/resources/app/extensions/merge-conflict/dist/extension
[2019-01-23 21:56:09.454] [exthost] [info] ExtensionService#_doActivateExtension vscode.php-language-features {"startup":false,"activationEvent":"onLanguage:php"}
[2019-01-23 21:56:09.454] [exthost] [info] ExtensionService#loadCommonJSModule /usr/share/code/resources/app/extensions/php-language-features/dist/phpMain
[2019-01-23 21:56:09.467] [exthost] [info] eager extensions activated
[2019-01-23 21:56:11.341] [exthost] [info] ExtensionService#_doActivateExtension vscode.python {"startup":false,"activationEvent":"onLanguage:python"}
[2019-01-23 21:56:11.341] [exthost] [info] ExtensionService#loadCommonJSModule /usr/share/code/resources/app/extensions/python/out/pythonMain
[2019-01-23 21:56:11.342] [exthost] [info] ExtensionService#_doActivateExtension batisteo.vscode-django {"startup":false,"activationEvent":"onLanguage:python"}
[2019-01-23 21:56:11.342] [exthost] [info] ExtensionService#loadCommonJSModule /home/james/.vscode/extensions/batisteo.vscode-django-0.17.0/out/extension
[2019-01-23 21:56:11.355] [exthost] [info] ExtensionService#_doActivateExtension donjayamanne.jupyter {"startup":false,"activationEvent":"onLanguage:python"}
[2019-01-23 21:56:11.355] [exthost] [info] ExtensionService#loadCommonJSModule /home/james/.vscode/extensions/donjayamanne.jupyter-1.1.4/out/src/extension
[2019-01-23 21:56:11.841] [exthost] [info] ExtensionService#_doActivateExtension ms-python.python {"startup":false,"activationEvent":"onLanguage:python"}
[2019-01-23 21:56:11.841] [exthost] [info] ExtensionService#loadCommonJSModule /home/james/.vscode/extensions/ms-python.python-2018.12.1/out/client/extension
[2019-01-23 21:56:12.178] [exthost] [info] ExtensionService#_doActivateExtension VisualStudioExptTeam.vscodeintellicode {"startup":false,"activationEvent":"onLanguage:python"}
[2019-01-23 21:56:12.179] [exthost] [info] ExtensionService#loadCommonJSModule /home/james/.vscode/extensions/visualstudioexptteam.vscodeintellicode-1.1.2/out/extension
[2019-01-23 21:57:02.335] [exthost] [info] ExtensionService#_doActivateExtension vscode.configuration-editing {"startup":false,"activationEvent":"onLanguage:jsonc"}
[2019-01-23 21:57:02.335] [exthost] [info] ExtensionService#loadCommonJSModule /usr/share/code/resources/app/extensions/configuration-editing/dist/extension
[2019-01-23 21:57:02.344] [exthost] [info] ExtensionService#_doActivateExtension vscode.json-language-features {"startup":false,"activationEvent":"onLanguage:jsonc"}
[2019-01-23 21:57:02.344] [exthost] [info] ExtensionService#loadCommonJSModule /usr/share/code/resources/app/extensions/json-language-features/client/dist/jsonMain
[2019-01-23 21:57:02.401] [exthost] [info] ExtensionService#_doActivateExtension vscode.typescript-language-features {"startup":false,"activationEvent":"onLanguage:jsonc"}
[2019-01-23 21:57:02.401] [exthost] [info] ExtensionService#loadCommonJSModule /usr/share/code/resources/app/extensions/typescript-language-features/dist/extension
[2019-01-23 22:01:53.406] [exthost] [error] [ms-python.python] provider FAILED
[2019-01-23 22:01:53.409] [exthost] [error] TypeError: Cannot read property 'map' of undefined
	at asCompletionResult (/home/james/.vscode/extensions/ms-python.python-2018.12.1/out/client/extension.js:83:93433)
	at <anonymous>
[2019-01-23 22:01:53.489] [exthost] [error] [ms-python.python] provider FAILED
[2019-01-23 22:01:53.489] [exthost] [error] TypeError: Cannot read property 'map' of undefined
	at asCompletionResult (/home/james/.vscode/extensions/ms-python.python-2018.12.1/out/client/extension.js:83:93433)
	at <anonymous>
[2019-01-23 22:01:53.554] [exthost] [error] [ms-python.python] provider FAILED
[2019-01-23 22:01:53.554] [exthost] [error] TypeError: Cannot read property 'map' of undefined
	at asCompletionResult (/home/james/.vscode/extensions/ms-python.python-2018.12.1/out/client/extension.js:83:93433)
	at <anonymous>
[2019-01-23 22:01:53.698] [exthost] [error] [ms-python.python] provider FAILED
[2019-01-23 22:01:53.699] [exthost] [error] TypeError: Cannot read property 'map' of undefined
	at asCompletionResult (/home/james/.vscode/extensions/ms-python.python-2018.12.1/out/client/extension.js:83:93433)
	at <anonymous>
[2019-01-23 22:01:54.142] [exthost] [error] [ms-python.python] provider FAILED
[2019-01-23 22:01:54.143] [exthost] [error] TypeError: Cannot read property 'map' of undefined
	at asCompletionResult (/home/james/.vscode/extensions/ms-python.python-2018.12.1/out/client/extension.js:83:93433)
	at <anonymous>
[2019-01-23 22:01:54.200] [exthost] [error] [ms-python.python] provider FAILED
[2019-01-23 22:01:54.200] [exthost] [error] TypeError: Cannot read property 'map' of undefined
	at asCompletionResult (/home/james/.vscode/extensions/ms-python.python-2018.12.1/out/client/extension.js:83:93433)
	at <anonymous>
[2019-01-23 22:01:54.261] [exthost] [error] [ms-python.python] provider FAILED
[2019-01-23 22:01:54.261] [exthost] [error] TypeError: Cannot read property 'map' of undefined
	at asCompletionResult (/home/james/.vscode/extensions/ms-python.python-2018.12.1/out/client/extension.js:83:93433)
	at <anonymous>
[2019-01-23 22:02:27.192] [exthost] [error] [ms-python.python] provider FAILED
[2019-01-23 22:02:27.192] [exthost] [error] TypeError: Cannot read property 'map' of undefined
	at asCompletionResult (/home/james/.vscode/extensions/ms-python.python-2018.12.1/out/client/extension.js:83:93433)
	at <anonymous>
